INFO:2025-12-24 23:43:25,937:jax._src.xla_bridge:810: Unable to initialize backend 'tpu': UNIMPLEMENTED: LoadPjrtPlugin is not implemented on windows yet.
2025-12-24 23:43:25,937 INFO Unable to initialize backend 'tpu': UNIMPLEMENTED: LoadPjrtPlugin is not implemented on windows yet.
2025-12-24 23:43:25,937 INFO JAX backend=cpu devices=[CpuDevice(id=0)]
Traceback (most recent call last):
  File "<frozen runpy>", line 198, in _run_module_as_main
  File "<frozen runpy>", line 88, in _run_code
  File "C:\Projects\Titan\src\main.py", line 372, in <module>
    main()
  File "C:\Projects\Titan\src\main.py", line 366, in main
    asyncio.run(run(args))
  File "C:\Users\Ded\AppData\Local\Programs\Python\Python311\Lib\asyncio\runners.py", line 190, in run
    return runner.run(main)
           ^^^^^^^^^^^^^^^^
  File "C:\Users\Ded\AppData\Local\Programs\Python\Python311\Lib\asyncio\runners.py", line 118, in run
    return self._loop.run_until_complete(task)
           ^^^^^^^^^^^^^^^^^^^^^^^^^^^^^^^^^^^
  File "C:\Users\Ded\AppData\Local\Programs\Python\Python311\Lib\asyncio\base_events.py", line 654, in run_until_complete
    return future.result()
           ^^^^^^^^^^^^^^^
  File "C:\Projects\Titan\src\main.py", line 269, in run
    pattern_store = PatternStore(str(patterns.db_path), patterns)
                    ^^^^^^^^^^^^^^^^^^^^^^^^^^^^^^^^^^^^^^^^^^^^^
  File "C:\Projects\Titan\src\pattern_store.py", line 37, in __init__
    self._ensure_schema()
  File "C:\Projects\Titan\src\pattern_store.py", line 42, in _ensure_schema
    cur.execute(
sqlite3.OperationalError: disk I/O error
